Determining if the pthread_create exist failed with the following output:
Change Dir: /home/chufankong/autoware.ai/src/autoware/common/hlbc/build/CMakeFiles/CMakeTmp

Run Build Command:"/usr/bin/make" "cmTC_0f289/fast"
/usr/bin/make -f CMakeFiles/cmTC_0f289.dir/build.make CMakeFiles/cmTC_0f289.dir/build
make[1]: Entering directory '/home/chufankong/autoware.ai/src/autoware/common/hlbc/build/CMakeFiles/CMakeTmp'
Building C object CMakeFiles/cmTC_0f289.dir/CheckSymbolExists.c.o
/usr/bin/x86_64-linux-gnu-gcc-7    -o CMakeFiles/cmTC_0f289.dir/CheckSymbolExists.c.o   -c /home/chufankong/autoware.ai/src/autoware/common/hlbc/build/CMakeFiles/CMakeTmp/CheckSymbolExists.c
Linking C executable cmTC_0f289
/usr/bin/cmake -E cmake_link_script CMakeFiles/cmTC_0f289.dir/link.txt --verbose=1
/usr/bin/x86_64-linux-gnu-gcc-7      CMakeFiles/cmTC_0f289.dir/CheckSymbolExists.c.o  -o cmTC_0f289 
CMakeFiles/cmTC_0f289.dir/CheckSymbolExists.c.o: In function `main':
CheckSymbolExists.c:(.text+0x1b): undefined reference to `pthread_create'
collect2: error: ld returned 1 exit status
CMakeFiles/cmTC_0f289.dir/build.make:97: recipe for target 'cmTC_0f289' failed
make[1]: *** [cmTC_0f289] Error 1
make[1]: Leaving directory '/home/chufankong/autoware.ai/src/autoware/common/hlbc/build/CMakeFiles/CMakeTmp'
Makefile:126: recipe for target 'cmTC_0f289/fast' failed
make: *** [cmTC_0f289/fast] Error 2

File /home/chufankong/autoware.ai/src/autoware/common/hlbc/build/CMakeFiles/CMakeTmp/CheckSymbolExists.c:
/* */
#include <pthread.h>

int main(int argc, char** argv)
{
  (void)argv;
#ifndef pthread_create
  return ((int*)(&pthread_create))[argc];
#else
  (void)argc;
  return 0;
#endif
}

Determining if the function pthread_create exists in the pthreads failed with the following output:
Change Dir: /home/chufankong/autoware.ai/src/autoware/common/hlbc/build/CMakeFiles/CMakeTmp

Run Build Command:"/usr/bin/make" "cmTC_cd009/fast"
/usr/bin/make -f CMakeFiles/cmTC_cd009.dir/build.make CMakeFiles/cmTC_cd009.dir/build
make[1]: Entering directory '/home/chufankong/autoware.ai/src/autoware/common/hlbc/build/CMakeFiles/CMakeTmp'
Building C object CMakeFiles/cmTC_cd009.dir/CheckFunctionExists.c.o
/usr/bin/x86_64-linux-gnu-gcc-7   -DCHECK_FUNCTION_EXISTS=pthread_create   -o CMakeFiles/cmTC_cd009.dir/CheckFunctionExists.c.o   -c /usr/share/cmake-3.10/Modules/CheckFunctionExists.c
Linking C executable cmTC_cd009
/usr/bin/cmake -E cmake_link_script CMakeFiles/cmTC_cd009.dir/link.txt --verbose=1
/usr/bin/x86_64-linux-gnu-gcc-7  -DCHECK_FUNCTION_EXISTS=pthread_create    CMakeFiles/cmTC_cd009.dir/CheckFunctionExists.c.o  -o cmTC_cd009 -lpthreads 
/usr/bin/ld: cannot find -lpthreads
collect2: error: ld returned 1 exit status
CMakeFiles/cmTC_cd009.dir/build.make:97: recipe for target 'cmTC_cd009' failed
make[1]: *** [cmTC_cd009] Error 1
make[1]: Leaving directory '/home/chufankong/autoware.ai/src/autoware/common/hlbc/build/CMakeFiles/CMakeTmp'
Makefile:126: recipe for target 'cmTC_cd009/fast' failed
make: *** [cmTC_cd009/fast] Error 2


